# JRE version: Java(TM) SE Runtime Environment (8.0_251-b08) (build 1.8.0_251-b08)
# Java VM: Java HotSpot(TM) 64-Bit Server VM (25.251-b08 mixed mode windows-amd64 compressed oops)
Heap:
 PSYoungGen      total 75776K, used 41910K [0x000000076b600000, 0x0000000774a00000, 0x00000007c0000000)
  eden space 65024K, 47% used [0x000000076b600000,0x000000076d46f998,0x000000076f580000)
  from space 10752K, 99% used [0x0000000773f80000,0x00000007749fe030,0x0000000774a00000)
  to   space 10752K, 0% used [0x000000076f580000,0x000000076f580000,0x0000000770000000)
 ParOldGen       total 173568K, used 12288K [0x00000006c2200000, 0x00000006ccb80000, 0x000000076b600000)
  object space 173568K, 7% used [0x00000006c2200000,0x00000006c2e003b0,0x00000006ccb80000)
 Metaspace       used 20234K, capacity 20832K, committed 20992K, reserved 1067008K
  class space    used 2318K, capacity 2474K, committed 2560K, reserved 1048576K
GC Heap History (8 events):
Event: 2.058 GC heap before
{Heap before GC invocations=1 (full 0):
 PSYoungGen      total 75776K, used 65024K [0x000000076b600000, 0x0000000770a80000, 0x00000007c0000000)
  eden space 65024K, 100% used [0x000000076b600000,0x000000076f580000,0x000000076f580000)
  from space 10752K, 0% used [0x0000000770000000,0x0000000770000000,0x0000000770a80000)
  to   space 10752K, 0% used [0x000000076f580000,0x000000076f580000,0x0000000770000000)
 ParOldGen       total 173568K, used 0K [0x00000006c2200000, 0x00000006ccb80000, 0x000000076b600000)
  object space 173568K, 0% used [0x00000006c2200000,0x00000006c2200000,0x00000006ccb80000)
 Metaspace       used 12260K, capacity 12472K, committed 12672K, reserved 1060864K
  class space    used 1504K, capacity 1575K, committed 1664K, reserved 1048576K
Event: 2.082 GC heap after
Heap after GC invocations=1 (full 0):
 PSYoungGen      total 75776K, used 10683K [0x000000076b600000, 0x0000000774a00000, 0x00000007c0000000)
  eden space 65024K, 0% used [0x000000076b600000,0x000000076b600000,0x000000076f580000)
  from space 10752K, 99% used [0x000000076f580000,0x000000076ffeed10,0x0000000770000000)
  to   space 10752K, 0% used [0x0000000773f80000,0x0000000773f80000,0x0000000774a00000)
 ParOldGen       total 173568K, used 16K [0x00000006c2200000, 0x00000006ccb80000, 0x000000076b600000)
  object space 173568K, 0% used [0x00000006c2200000,0x00000006c2204000,0x00000006ccb80000)
 Metaspace       used 12260K, capacity 12472K, committed 12672K, reserved 1060864K
  class space    used 1504K, capacity 1575K, committed 1664K, reserved 1048576K
}
Event: 3.694 GC heap before
{Heap before GC invocations=2 (full 0):
 PSYoungGen      total 75776K, used 75707K [0x000000076b600000, 0x0000000774a00000, 0x00000007c0000000)
  eden space 65024K, 100% used [0x000000076b600000,0x000000076f580000,0x000000076f580000)
  from space 10752K, 99% used [0x000000076f580000,0x000000076ffeed10,0x0000000770000000)
  to   space 10752K, 0% used [0x0000000773f80000,0x0000000773f80000,0x0000000774a00000)
 ParOldGen       total 173568K, used 16K [0x00000006c2200000, 0x00000006ccb80000, 0x000000076b600000)
  object space 173568K, 0% used [0x00000006c2200000,0x00000006c2204000,0x00000006ccb80000)
 Metaspace       used 15974K, capacity 16258K, committed 16384K, reserved 1062912K
  class space    used 1899K, capacity 2010K, committed 2048K, reserved 1048576K
Event: 3.704 GC heap after
Heap after GC invocations=2 (full 0):
 PSYoungGen      total 75776K, used 10728K [0x000000076b600000, 0x0000000774a00000, 0x00000007c0000000)
  eden space 65024K, 0% used [0x000000076b600000,0x000000076b600000,0x000000076f580000)
  from space 10752K, 99% used [0x0000000773f80000,0x00000007749fa020,0x0000000774a00000)
  to   space 10752K, 0% used [0x000000076f580000,0x000000076f580000,0x0000000770000000)
 ParOldGen       total 173568K, used 2313K [0x00000006c2200000, 0x00000006ccb80000, 0x000000076b600000)
  object space 173568K, 1% used [0x00000006c2200000,0x00000006c2442620,0x00000006ccb80000)
 Metaspace       used 15974K, capacity 16258K, committed 16384K, reserved 1062912K
  class space    used 1899K, capacity 2010K, committed 2048K, reserved 1048576K
}
Event: 4.510 GC heap before
{Heap before GC invocations=3 (full 0):
 PSYoungGen      total 75776K, used 75752K [0x000000076b600000, 0x0000000774a00000, 0x00000007c0000000)
  eden space 65024K, 100% used [0x000000076b600000,0x000000076f580000,0x000000076f580000)
  from space 10752K, 99% used [0x0000000773f80000,0x00000007749fa020,0x0000000774a00000)
  to   space 10752K, 0% used [0x000000076f580000,0x000000076f580000,0x0000000770000000)
 ParOldGen       total 173568K, used 2313K [0x00000006c2200000, 0x00000006ccb80000, 0x000000076b600000)
  object space 173568K, 1% used [0x00000006c2200000,0x00000006c2442620,0x00000006ccb80000)
 Metaspace       used 16582K, capacity 16932K, committed 17152K, reserved 1064960K
  class space    used 1921K, capacity 2015K, committed 2048K, reserved 1048576K
Event: 4.523 GC heap after
Heap after GC invocations=3 (full 0):
 PSYoungGen      total 75776K, used 10744K [0x000000076b600000, 0x0000000774a00000, 0x00000007c0000000)
  eden space 65024K, 0% used [0x000000076b600000,0x000000076b600000,0x000000076f580000)
  from space 10752K, 99% used [0x000000076f580000,0x000000076fffe030,0x0000000770000000)
  to   space 10752K, 0% used [0x0000000773f80000,0x0000000773f80000,0x0000000774a00000)
 ParOldGen       total 173568K, used 7753K [0x00000006c2200000, 0x00000006ccb80000, 0x000000076b600000)
  object space 173568K, 4% used [0x00000006c2200000,0x00000006c29924c0,0x00000006ccb80000)
 Metaspace       used 16582K, capacity 16932K, committed 17152K, reserved 1064960K
  class space    used 1921K, capacity 2015K, committed 2048K, reserved 1048576K
}
Event: 5.515 GC heap before
{Heap before GC invocations=4 (full 0):
 PSYoungGen      total 75776K, used 75761K [0x000000076b600000, 0x0000000774a00000, 0x00000007c0000000)
  eden space 65024K, 99% used [0x000000076b600000,0x000000076f57e680,0x000000076f580000)
  from space 10752K, 99% used [0x000000076f580000,0x000000076fffe030,0x0000000770000000)
  to   space 10752K, 0% used [0x0000000773f80000,0x0000000773f80000,0x0000000774a00000)
 ParOldGen       total 173568K, used 7753K [0x00000006c2200000, 0x00000006ccb80000, 0x000000076b600000)
  object space 173568K, 4% used [0x00000006c2200000,0x00000006c29924c0,0x00000006ccb80000)
 Metaspace       used 18841K, capacity 19396K, committed 19712K, reserved 1067008K
  class space    used 2119K, capacity 2232K, committed 2304K, reserved 1048576K
Event: 5.524 GC heap after
Heap after GC invocations=4 (full 0):
 PSYoungGen      total 75776K, used 10744K [0x000000076b600000, 0x0000000774a00000, 0x00000007c0000000)
  eden space 65024K, 0% used [0x000000076b600000,0x000000076b600000,0x000000076f580000)
  from space 10752K, 99% used [0x0000000773f80000,0x00000007749fe030,0x0000000774a00000)
  to   space 10752K, 0% used [0x000000076f580000,0x000000076f580000,0x0000000770000000)
 ParOldGen       total 173568K, used 12288K [0x00000006c2200000, 0x00000006ccb80000, 0x000000076b600000)
  object space 173568K, 7% used [0x00000006c2200000,0x00000006c2e003b0,0x00000006ccb80000)
 Metaspace       used 18841K, capacity 19396K, committed 19712K, reserved 1067008K
  class space    used 2119K, capacity 2232K, committed 2304K, reserved 1048576K
}

